<?xml version="1.0" encoding="UTF-8"?>
<testsuite name="filab.e4.PasswordTest" tests="1" skipped="0" failures="0" errors="0" timestamp="2023-10-18T23:07:17" hostname="Mauricios-MacBook-Pro.local" time="11.605">
  <properties/>
  <testcase name="ejercicio4Test()" classname="filab.e4.PasswordTest" time="11.605"/>
  <system-out><![CDATA[]]></system-out>
  <system-err><![CDATA[]]></system-err>
</testsuite>
