<?xml version="1.0" encoding="UTF-8"?>
<testsuite name="filac.e4.CreateDeleteUserTest" tests="1" skipped="0" failures="0" errors="0" timestamp="2023-10-20T20:00:44" hostname="Mauricios-MacBook-Pro.local" time="19.626">
  <properties/>
  <testcase name="e3Test()" classname="filac.e4.CreateDeleteUserTest" time="19.626"/>
  <system-out><![CDATA[]]></system-out>
  <system-err><![CDATA[]]></system-err>
</testsuite>
