<?xml version="1.0" encoding="UTF-8"?>
<testsuite name="tarea5enclase.PasswordTest" tests="1" skipped="0" failures="0" errors="0" timestamp="2023-10-17T23:14:18" hostname="Mauricios-MacBook-Pro.local" time="54.141">
  <properties/>
  <testcase name="tarea2Test()" classname="tarea5enclase.PasswordTest" time="54.141"/>
  <system-out><![CDATA[]]></system-out>
  <system-err><![CDATA[]]></system-err>
</testsuite>
