<?xml version="1.0" encoding="UTF-8"?>
<testsuite name="tarea3.PerfilTest" tests="1" skipped="0" failures="0" errors="0" timestamp="2023-10-15T23:46:37" hostname="Mauricios-MacBook-Pro.local" time="10.481">
  <properties/>
  <testcase name="tarea3Test()" classname="tarea3.PerfilTest" time="10.481"/>
  <system-out><![CDATA[]]></system-out>
  <system-err><![CDATA[]]></system-err>
</testsuite>
